<?xml version="1.0" encoding="UTF-8"?>
<!-- Generated by org.testng.reporters.JUnitReportReporter -->
<testsuite hostname="LAPTOP-V2EFQHVH" failures="0" tests="1" name="RunnerClass.RunnerClass" time="8.575" errors="0" timestamp="2024-08-29T16:37:52 IST" skipped="0">
  <testcase classname="RunnerClass.RunnerClass" name="runScenario" time="8.575"/>
</testsuite> <!-- RunnerClass.RunnerClass -->
